<?xml version="1.0" encoding="UTF-8"?>
<testsuite xmlns:xsi="http://www.w3.org/2001/XMLSchema-instance" xsi:schemaLocation="https://maven.apache.org/surefire/maven-surefire-plugin/xsd/surefire-test-report.xsd" name="testrunner.TestRunner" time="168.653" tests="48" errors="0" skipped="0" failures="6">
  <properties>
[...]
</properties>
  <testcase name="Given Setup browser &quot;Firefox&quot;" classname="| Firefox | https://www.kraken.com |" time="0.002"/>
  <testcase name="When Navigate to the Page &quot;https://www.kraken.com&quot;" classname="| Firefox | https://www.kraken.com |" time="0"/>
  <testcase name="Then Verify broken links of the Page &quot;https://www.kraken.com&quot;" classname="| Firefox | https://www.kraken.com |" time="0"/>
  <testcase name="| Firefox | https://www.kraken.com |" classname="| Firefox | https://www.kraken.com |" time="0"/>
  <testcase name="Given Setup browser &quot;Firefox&quot;" classname="| Firefox | https://www.kraken.com/prices |" time="0"/>
  <testcase name="When Navigate to the Page &quot;https://www.kraken.com/prices&quot;" classname="| Firefox | https://www.kraken.com/prices |" time="0"/>
  <testcase name="Then Verify broken links of the Page &quot;https://www.kraken.com/prices&quot;" classname="| Firefox | https://www.kraken.com/prices |" time="0"/>
  <testcase name="| Firefox | https://www.kraken.com/prices |" classname="| Firefox | https://www.kraken.com/prices |" time="0"/>
  <testcase name="Given Setup browser &quot;Firefox&quot;" classname="| Firefox | https://www.kraken.com/doesntexist |" time="0"/>
  <testcase name="When Navigate to the Page &quot;https://www.kraken.com/doesntexist&quot;" classname="| Firefox | https://www.kraken.com/doesntexist |" time="0"/>
  <testcase name="Then Verify broken links of the Page &quot;https://www.kraken.com/doesntexist&quot;" classname="| Firefox | https://www.kraken.com/doesntexist |" time="0.012">
    <failure message="https://www.kraken.com/u/trade#tab=overview is a broken link" type="java.lang.AssertionError">java.lang.AssertionError: https://www.kraken.com/u/trade#tab=overview is a broken link
</failure>
  </testcase>
  <testcase name="| Firefox | https://www.kraken.com/doesntexist |" classname="| Firefox | https://www.kraken.com/doesntexist |" time="0.012">
    <failure message="https://www.kraken.com/u/trade#tab=overview is a broken link" type="java.lang.AssertionError">java.lang.AssertionError: https://www.kraken.com/u/trade#tab=overview is a broken link
</failure>
  </testcase>
  <testcase name="Given Setup browser &quot;Firefox&quot;" classname="| Firefox | https://www.kraken.com/en-us/features/security/pgp |" time="0"/>
  <testcase name="When Navigate to the Page &quot;https://www.kraken.com/en-us/features/security/pgp&quot;" classname="| Firefox | https://www.kraken.com/en-us/features/security/pgp |" time="0"/>
  <testcase name="Then Verify broken links of the Page &quot;https://www.kraken.com/en-us/features/security/pgp&quot;" classname="| Firefox | https://www.kraken.com/en-us/features/security/pgp |" time="0"/>
  <testcase name="| Firefox | https://www.kraken.com/en-us/features/security/pgp |" classname="| Firefox | https://www.kraken.com/en-us/features/security/pgp |" time="0"/>
  <testcase name="Given Setup browser &quot;Chrome&quot;" classname="| Chrome | https://www.kraken.com |" time="0.001"/>
  <testcase name="Given Navigate to the Page &quot;https://www.kraken.com&quot;" classname="| Chrome | https://www.kraken.com |" time="0"/>
  <testcase name="Then Verify console error on page" classname="| Chrome | https://www.kraken.com |" time="0"/>
  <testcase name="| Chrome | https://www.kraken.com |" classname="| Chrome | https://www.kraken.com |" time="0"/>
  <testcase name="Given Setup browser &quot;Chrome&quot;" classname="| Chrome | https://www.kraken.com/prices |" time="0"/>
  <testcase name="Given Navigate to the Page &quot;https://www.kraken.com/prices&quot;" classname="| Chrome | https://www.kraken.com/prices |" time="0"/>
  <testcase name="Then Verify console error on page" classname="| Chrome | https://www.kraken.com/prices |" time="0"/>
  <testcase name="| Chrome | https://www.kraken.com/prices |" classname="| Chrome | https://www.kraken.com/prices |" time="0"/>
  <testcase name="Given Setup browser &quot;Chrome&quot;" classname="| Chrome | https://www.kraken.com/doesntexist |" time="0"/>
  <testcase name="Given Navigate to the Page &quot;https://www.kraken.com/doesntexist&quot;" classname="| Chrome | https://www.kraken.com/doesntexist |" time="0"/>
  <testcase name="Then Verify console error on page" classname="| Chrome | https://www.kraken.com/doesntexist |" time="0">
    <failure message="Console errors exists in this page" type="java.lang.AssertionError">java.lang.AssertionError: Console errors exists in this page
</failure>
    <system-out><![CDATA[Errors[2020-07-15T16:45:07-0400] [SEVERE] https://www.kraken.com/404 - Failed to load resource: the server responded with a status of 404 ()
]]></system-out>
  </testcase>
  <testcase name="| Chrome | https://www.kraken.com/doesntexist |" classname="| Chrome | https://www.kraken.com/doesntexist |" time="0">
    <failure message="Console errors exists in this page" type="java.lang.AssertionError">java.lang.AssertionError: Console errors exists in this page
</failure>
  </testcase>
  <testcase name="Given Setup browser &quot;Chrome&quot;" classname="| Chrome | https://www.kraken.com/en-us/features/security/pgp |" time="0"/>
  <testcase name="Given Navigate to the Page &quot;https://www.kraken.com/en-us/features/security/pgp&quot;" classname="| Chrome | https://www.kraken.com/en-us/features/security/pgp |" time="0"/>
  <testcase name="Then Verify console error on page" classname="| Chrome | https://www.kraken.com/en-us/features/security/pgp |" time="0">
    <failure message="Console errors exists in this page" type="java.lang.AssertionError">java.lang.AssertionError: Console errors exists in this page
</failure>
    <system-out><![CDATA[Errors[2020-07-15T16:45:15-0400] [SEVERE] https://www.kraken.com/en-us/features/security/pgp - Refused to load the image 'https://www.googletagmanager.com/a?id=AW-763159290&cv=1&v=3&t=t&pid=189321353&rv=783&es=1&e=gtm.js&eid=4&tc=1&tr=1rep&ti=1rep&z=0' because it violates the following Content Security Policy directive: "img-src 'self' www.google-analytics.com stats.g.doubleclick.net www.google.com www.googleadservices.com googleads.g.doubleclick.net www.bing.com bat.bing.com www.reddit.com alb.reddit.com v2.zopim.com data: v2.zopim.io v2assets.zopim.io https://static.zdassets.com www.google.ca www.gstatic.com ssl.gstatic.com tr.outbrain.com amplifypixel.outbrain.com www.youtube.com https://hexagon-analytics.com".

]]></system-out>
  </testcase>
  <testcase name="| Chrome | https://www.kraken.com/en-us/features/security/pgp |" classname="| Chrome | https://www.kraken.com/en-us/features/security/pgp |" time="0">
    <failure message="Console errors exists in this page" type="java.lang.AssertionError">java.lang.AssertionError: Console errors exists in this page
</failure>
  </testcase>
  <testcase name="Given Setup browser &quot;Chrome&quot;" classname="| Chrome | https://www.kraken.com | 200 |" time="0"/>
  <testcase name="When Navigate to the Page &quot;https://www.kraken.com&quot;" classname="| Chrome | https://www.kraken.com | 200 |" time="0"/>
  <testcase name="Then Verify response code &quot;200&quot; of the Page &quot;https://www.kraken.com&quot;" classname="| Chrome | https://www.kraken.com | 200 |" time="0"/>
  <testcase name="| Chrome | https://www.kraken.com | 200 |" classname="| Chrome | https://www.kraken.com | 200 |" time="0"/>
  <testcase name="Given Setup browser &quot;Chrome&quot;" classname="| Chrome | https://www.kraken.com/prices | 200 |" time="0"/>
  <testcase name="When Navigate to the Page &quot;https://www.kraken.com/prices&quot;" classname="| Chrome | https://www.kraken.com/prices | 200 |" time="0"/>
  <testcase name="Then Verify response code &quot;200&quot; of the Page &quot;https://www.kraken.com/prices&quot;" classname="| Chrome | https://www.kraken.com/prices | 200 |" time="0"/>
  <testcase name="| Chrome | https://www.kraken.com/prices | 200 |" classname="| Chrome | https://www.kraken.com/prices | 200 |" time="0"/>
  <testcase name="Given Setup browser &quot;Chrome&quot;" classname="| Chrome | https://www.kraken.com/doesntexist | 404 |" time="0"/>
  <testcase name="When Navigate to the Page &quot;https://www.kraken.com/doesntexist&quot;" classname="| Chrome | https://www.kraken.com/doesntexist | 404 |" time="0"/>
  <testcase name="Then Verify response code &quot;404&quot; of the Page &quot;https://www.kraken.com/doesntexist&quot;" classname="| Chrome | https://www.kraken.com/doesntexist | 404 |" time="0"/>
  <testcase name="| Chrome | https://www.kraken.com/doesntexist | 404 |" classname="| Chrome | https://www.kraken.com/doesntexist | 404 |" time="0"/>
  <testcase name="Given Setup browser &quot;Chrome&quot;" classname="| Chrome | https://www.kraken.com/en-us/features/security/pgp | 200 |" time="0.001"/>
  <testcase name="When Navigate to the Page &quot;https://www.kraken.com/en-us/features/security/pgp&quot;" classname="| Chrome | https://www.kraken.com/en-us/features/security/pgp | 200 |" time="0"/>
  <testcase name="Then Verify response code &quot;200&quot; of the Page &quot;https://www.kraken.com/en-us/features/security/pgp&quot;" classname="| Chrome | https://www.kraken.com/en-us/features/security/pgp | 200 |" time="0"/>
  <testcase name="| Chrome | https://www.kraken.com/en-us/features/security/pgp | 200 |" classname="| Chrome | https://www.kraken.com/en-us/features/security/pgp | 200 |" time="0.001"/>
</testsuite>