-------------------------------------------------------------------------------
Test set: testrunner.TestRunner
-------------------------------------------------------------------------------
Tests run: 48, Failures: 6, Errors: 0, Skipped: 0, Time elapsed: 168.653 sec <<< FAILURE! - in testrunner.TestRunner
Then Verify broken links of the Page "https://www.kraken.com/doesntexist"(| Firefox | https://www.kraken.com/doesntexist |)  Time elapsed: 0.012 sec  <<< FAILURE!
java.lang.AssertionError: https://www.kraken.com/u/trade#tab=overview is a broken link

| Firefox | https://www.kraken.com/doesntexist |  Time elapsed: 0.012 sec  <<< FAILURE!
java.lang.AssertionError: https://www.kraken.com/u/trade#tab=overview is a broken link

Then Verify console error on page(| Chrome | https://www.kraken.com/doesntexist |)  Time elapsed: 0 sec  <<< FAILURE!
java.lang.AssertionError: Console errors exists in this page

| Chrome | https://www.kraken.com/doesntexist |  Time elapsed: 0 sec  <<< FAILURE!
java.lang.AssertionError: Console errors exists in this page

Then Verify console error on page(| Chrome | https://www.kraken.com/en-us/features/security/pgp |)  Time elapsed: 0 sec  <<< FAILURE!
java.lang.AssertionError: Console errors exists in this page

| Chrome | https://www.kraken.com/en-us/features/security/pgp |  Time elapsed: 0 sec  <<< FAILURE!
java.lang.AssertionError: Console errors exists in this page

