<?xml version="1.0" encoding="UTF-8"?>
<testsuite xmlns:xsi="http://www.w3.org/2001/XMLSchema-instance" xsi:schemaLocation="https://maven.apache.org/surefire/maven-surefire-plugin/xsd/surefire-test-report.xsd" name="testrunner.TestRunner" time="168.653" tests="48" errors="0" skipped="0" failures="6">
  <properties>
    <property name="java.runtime.name" value="Java(TM) SE Runtime Environment"/>
    <property name="sun.boot.library.path" value="C:\Program Files\Java\jdk1.8.0_251\jre\bin"/>
    <property name="java.vm.version" value="25.251-b08"/>
    <property name="java.vm.vendor" value="Oracle Corporation"/>
    <property name="maven.multiModuleProjectDirectory" value="C:\Users\Hiyan\eclipse-workspace\krakentest"/>
    <property name="java.vendor.url" value="http://java.oracle.com/"/>
    <property name="path.separator" value=";"/>
    <property name="guice.disable.misplaced.annotation.check" value="true"/>
    <property name="java.vm.name" value="Java HotSpot(TM) 64-Bit Server VM"/>
    <property name="file.encoding.pkg" value="sun.io"/>
    <property name="user.script" value=""/>
    <property name="user.country" value="CA"/>
    <property name="sun.java.launcher" value="SUN_STANDARD"/>
    <property name="sun.os.patch.level" value=""/>
    <property name="java.vm.specification.name" value="Java Virtual Machine Specification"/>
    <property name="user.dir" value="C:\Users\Hiyan\eclipse-workspace\krakentest"/>
    <property name="java.runtime.version" value="1.8.0_251-b08"/>
    <property name="java.awt.graphicsenv" value="sun.awt.Win32GraphicsEnvironment"/>
    <property name="java.endorsed.dirs" value="C:\Program Files\Java\jdk1.8.0_251\jre\lib\endorsed"/>
    <property name="os.arch" value="amd64"/>
    <property name="java.io.tmpdir" value="E:\Reena_NEOGOV\Testcommon\PageObjectModel-master\"/>
    <property name="line.separator" value="&#10;"/>
    <property name="java.vm.specification.vendor" value="Oracle Corporation"/>
    <property name="user.variant" value=""/>
    <property name="os.name" value="Windows 10"/>
    <property name="classworlds.conf" value="C:\apache-maven-3.6.3-bin\apache-maven-3.6.3\bin\..\bin\m2.conf"/>
    <property name="sun.jnu.encoding" value="Cp1252"/>
    <property name="java.library.path" value="C:\Program Files\Java\jdk1.8.0_251\bin;C:\WINDOWS\Sun\Java\bin;C:\WINDOWS\system32;C:\WINDOWS;C:\Program Files (x86)\Common Files\Oracle\Java\javapath;C:\Program Files (x86)\Intel\Intel(R) Management Engine Components\iCLS\;C:\Program Files\Intel\Intel(R) Management Engine Components\iCLS\;C:\WINDOWS\system32;C:\WINDOWS;C:\WINDOWS\System32\Wbem;C:\WINDOWS\System32\WindowsPowerShell\v1.0\;C:\Program Files (x86)\Intel\Intel(R) Management Engine Components\DAL;C:\Program Files\Intel\Intel(R) Management Engine Components\DAL;C:\Program Files (x86)\Intel\Intel(R) Management Engine Components\IPT;C:\Program Files\Intel\Intel(R) Management Engine Components\IPT;C:\WINDOWS\System32\OpenSSH\;C:\Program Files\dotnet\;C:\Program Files\Microsoft SQL Server\130\Tools\Binn\;C:\Program Files\Git\cmd;C:\Program Files\Intel\WiFi\bin\;C:\Program Files\Common Files\Intel\WirelessCommon\;C:\Program Files\Microsoft SQL Server\110\Tools\Binn\;C:\Program Files (x86)\Microsoft SDKs\TypeScript\1.0\;C:\Program Files\Microsoft SQL Server\120\Tools\Binn\;C:\Program Files (x86)\Microsoft SQL Server\Client SDK\ODBC\130\Tools\Binn\;C:\Program Files (x86)\Microsoft SQL Server\140\Tools\Binn\;C:\Program Files (x86)\Microsoft SQL Server\140\DTS\Binn\;C:\Program Files (x86)\Microsoft SQL Server\140\Tools\Binn\ManagementStudio\;C:\Program Files\Microsoft SQL Server\Client SDK\ODBC\170\Tools\Binn\;C:\Program Files\Java\jdk1.8.0_251\bin;C:\apache-maven-3.6.3-bin\apache-maven-3.6.3\bin;C:\Users\Hiyan\AppData\Local\Microsoft\WindowsApps;;."/>
    <property name="maven.conf" value="C:\apache-maven-3.6.3-bin\apache-maven-3.6.3\bin\../conf"/>
    <property name="java.specification.name" value="Java Platform API Specification"/>
    <property name="java.class.version" value="52.0"/>
    <property name="sun.management.compiler" value="HotSpot 64-Bit Tiered Compilers"/>
    <property name="os.version" value="10.0"/>
    <property name="library.jansi.path" value="C:\apache-maven-3.6.3-bin\apache-maven-3.6.3\bin\..\lib\jansi-native"/>
    <property name="user.home" value="C:\Users\Hiyan"/>
    <property name="user.timezone" value="America/New_York"/>
    <property name="java.awt.printerjob" value="sun.awt.windows.WPrinterJob"/>
    <property name="java.specification.version" value="1.8"/>
    <property name="file.encoding" value="Cp1252"/>
    <property name="user.name" value="Hiyan"/>
    <property name="java.class.path" value="C:\apache-maven-3.6.3-bin\apache-maven-3.6.3\bin\..\boot\plexus-classworlds-2.6.0.jar"/>
    <property name="java.vm.specification.version" value="1.8"/>
    <property name="sun.arch.data.model" value="64"/>
    <property name="java.home" value="C:\Program Files\Java\jdk1.8.0_251\jre"/>
    <property name="sun.java.command" value="org.codehaus.plexus.classworlds.launcher.Launcher clean test"/>
    <property name="java.specification.vendor" value="Oracle Corporation"/>
    <property name="user.language" value="en"/>
    <property name="awt.toolkit" value="sun.awt.windows.WToolkit"/>
    <property name="java.vm.info" value="mixed mode"/>
    <property name="java.version" value="1.8.0_251"/>
    <property name="java.ext.dirs" value="C:\Program Files\Java\jdk1.8.0_251\jre\lib\ext;C:\WINDOWS\Sun\Java\lib\ext"/>
    <property name="sun.boot.class.path" value="C:\Program Files\Java\jdk1.8.0_251\jre\lib\resources.jar;C:\Program Files\Java\jdk1.8.0_251\jre\lib\rt.jar;C:\Program Files\Java\jdk1.8.0_251\jre\lib\sunrsasign.jar;C:\Program Files\Java\jdk1.8.0_251\jre\lib\jsse.jar;C:\Program Files\Java\jdk1.8.0_251\jre\lib\jce.jar;C:\Program Files\Java\jdk1.8.0_251\jre\lib\charsets.jar;C:\Program Files\Java\jdk1.8.0_251\jre\lib\jfr.jar;C:\Program Files\Java\jdk1.8.0_251\jre\classes"/>
    <property name="sun.stderr.encoding" value="cp437"/>
    <property name="java.vendor" value="Oracle Corporation"/>
    <property name="maven.home" value="C:\apache-maven-3.6.3-bin\apache-maven-3.6.3\bin\.."/>
    <property name="file.separator" value="\"/>
    <property name="java.vendor.url.bug" value="http://bugreport.sun.com/bugreport/"/>
    <property name="sun.cpu.endian" value="little"/>
    <property name="sun.io.unicode.encoding" value="UnicodeLittle"/>
    <property name="sun.stdout.encoding" value="cp437"/>
    <property name="sun.desktop" value="windows"/>
    <property name="sun.cpu.isalist" value="amd64"/>
  </properties>
  <testcase name="Given Setup browser &quot;Firefox&quot;" classname="| Firefox | https://www.kraken.com |" time="0.002"/>
  <testcase name="When Navigate to the Page &quot;https://www.kraken.com&quot;" classname="| Firefox | https://www.kraken.com |" time="0"/>
  <testcase name="Then Verify broken links of the Page &quot;https://www.kraken.com&quot;" classname="| Firefox | https://www.kraken.com |" time="0"/>
  <testcase name="| Firefox | https://www.kraken.com |" classname="| Firefox | https://www.kraken.com |" time="0"/>
  <testcase name="Given Setup browser &quot;Firefox&quot;" classname="| Firefox | https://www.kraken.com/prices |" time="0"/>
  <testcase name="When Navigate to the Page &quot;https://www.kraken.com/prices&quot;" classname="| Firefox | https://www.kraken.com/prices |" time="0"/>
  <testcase name="Then Verify broken links of the Page &quot;https://www.kraken.com/prices&quot;" classname="| Firefox | https://www.kraken.com/prices |" time="0"/>
  <testcase name="| Firefox | https://www.kraken.com/prices |" classname="| Firefox | https://www.kraken.com/prices |" time="0"/>
  <testcase name="Given Setup browser &quot;Firefox&quot;" classname="| Firefox | https://www.kraken.com/doesntexist |" time="0"/>
  <testcase name="When Navigate to the Page &quot;https://www.kraken.com/doesntexist&quot;" classname="| Firefox | https://www.kraken.com/doesntexist |" time="0"/>
  <testcase name="Then Verify broken links of the Page &quot;https://www.kraken.com/doesntexist&quot;" classname="| Firefox | https://www.kraken.com/doesntexist |" time="0.012">
    <failure message="https://www.kraken.com/u/trade#tab=overview is a broken link" type="java.lang.AssertionError">java.lang.AssertionError: https://www.kraken.com/u/trade#tab=overview is a broken link
</failure>
  </testcase>
  <testcase name="| Firefox | https://www.kraken.com/doesntexist |" classname="| Firefox | https://www.kraken.com/doesntexist |" time="0.012">
    <failure message="https://www.kraken.com/u/trade#tab=overview is a broken link" type="java.lang.AssertionError">java.lang.AssertionError: https://www.kraken.com/u/trade#tab=overview is a broken link
</failure>
  </testcase>
  <testcase name="Given Setup browser &quot;Firefox&quot;" classname="| Firefox | https://www.kraken.com/en-us/features/security/pgp |" time="0"/>
  <testcase name="When Navigate to the Page &quot;https://www.kraken.com/en-us/features/security/pgp&quot;" classname="| Firefox | https://www.kraken.com/en-us/features/security/pgp |" time="0"/>
  <testcase name="Then Verify broken links of the Page &quot;https://www.kraken.com/en-us/features/security/pgp&quot;" classname="| Firefox | https://www.kraken.com/en-us/features/security/pgp |" time="0"/>
  <testcase name="| Firefox | https://www.kraken.com/en-us/features/security/pgp |" classname="| Firefox | https://www.kraken.com/en-us/features/security/pgp |" time="0"/>
  <testcase name="Given Setup browser &quot;Chrome&quot;" classname="| Chrome | https://www.kraken.com |" time="0.001"/>
  <testcase name="Given Navigate to the Page &quot;https://www.kraken.com&quot;" classname="| Chrome | https://www.kraken.com |" time="0"/>
  <testcase name="Then Verify console error on page" classname="| Chrome | https://www.kraken.com |" time="0"/>
  <testcase name="| Chrome | https://www.kraken.com |" classname="| Chrome | https://www.kraken.com |" time="0"/>
  <testcase name="Given Setup browser &quot;Chrome&quot;" classname="| Chrome | https://www.kraken.com/prices |" time="0"/>
  <testcase name="Given Navigate to the Page &quot;https://www.kraken.com/prices&quot;" classname="| Chrome | https://www.kraken.com/prices |" time="0"/>
  <testcase name="Then Verify console error on page" classname="| Chrome | https://www.kraken.com/prices |" time="0"/>
  <testcase name="| Chrome | https://www.kraken.com/prices |" classname="| Chrome | https://www.kraken.com/prices |" time="0"/>
  <testcase name="Given Setup browser &quot;Chrome&quot;" classname="| Chrome | https://www.kraken.com/doesntexist |" time="0"/>
  <testcase name="Given Navigate to the Page &quot;https://www.kraken.com/doesntexist&quot;" classname="| Chrome | https://www.kraken.com/doesntexist |" time="0"/>
  <testcase name="Then Verify console error on page" classname="| Chrome | https://www.kraken.com/doesntexist |" time="0">
    <failure message="Console errors exists in this page" type="java.lang.AssertionError">java.lang.AssertionError: Console errors exists in this page
</failure>
    <system-out><![CDATA[Errors[2020-07-15T16:45:07-0400] [SEVERE] https://www.kraken.com/404 - Failed to load resource: the server responded with a status of 404 ()
]]></system-out>
  </testcase>
  <testcase name="| Chrome | https://www.kraken.com/doesntexist |" classname="| Chrome | https://www.kraken.com/doesntexist |" time="0">
    <failure message="Console errors exists in this page" type="java.lang.AssertionError">java.lang.AssertionError: Console errors exists in this page
</failure>
  </testcase>
  <testcase name="Given Setup browser &quot;Chrome&quot;" classname="| Chrome | https://www.kraken.com/en-us/features/security/pgp |" time="0"/>
  <testcase name="Given Navigate to the Page &quot;https://www.kraken.com/en-us/features/security/pgp&quot;" classname="| Chrome | https://www.kraken.com/en-us/features/security/pgp |" time="0"/>
  <testcase name="Then Verify console error on page" classname="| Chrome | https://www.kraken.com/en-us/features/security/pgp |" time="0">
    <failure message="Console errors exists in this page" type="java.lang.AssertionError">java.lang.AssertionError: Console errors exists in this page
</failure>
    <system-out><![CDATA[Errors[2020-07-15T16:45:15-0400] [SEVERE] https://www.kraken.com/en-us/features/security/pgp - Refused to load the image 'https://www.googletagmanager.com/a?id=AW-763159290&cv=1&v=3&t=t&pid=189321353&rv=783&es=1&e=gtm.js&eid=4&tc=1&tr=1rep&ti=1rep&z=0' because it violates the following Content Security Policy directive: "img-src 'self' www.google-analytics.com stats.g.doubleclick.net www.google.com www.googleadservices.com googleads.g.doubleclick.net www.bing.com bat.bing.com www.reddit.com alb.reddit.com v2.zopim.com data: v2.zopim.io v2assets.zopim.io https://static.zdassets.com www.google.ca www.gstatic.com ssl.gstatic.com tr.outbrain.com amplifypixel.outbrain.com www.youtube.com https://hexagon-analytics.com".

]]></system-out>
  </testcase>
  <testcase name="| Chrome | https://www.kraken.com/en-us/features/security/pgp |" classname="| Chrome | https://www.kraken.com/en-us/features/security/pgp |" time="0">
    <failure message="Console errors exists in this page" type="java.lang.AssertionError">java.lang.AssertionError: Console errors exists in this page
</failure>
  </testcase>
  <testcase name="Given Setup browser &quot;Chrome&quot;" classname="| Chrome | https://www.kraken.com | 200 |" time="0"/>
  <testcase name="When Navigate to the Page &quot;https://www.kraken.com&quot;" classname="| Chrome | https://www.kraken.com | 200 |" time="0"/>
  <testcase name="Then Verify response code &quot;200&quot; of the Page &quot;https://www.kraken.com&quot;" classname="| Chrome | https://www.kraken.com | 200 |" time="0"/>
  <testcase name="| Chrome | https://www.kraken.com | 200 |" classname="| Chrome | https://www.kraken.com | 200 |" time="0"/>
  <testcase name="Given Setup browser &quot;Chrome&quot;" classname="| Chrome | https://www.kraken.com/prices | 200 |" time="0"/>
  <testcase name="When Navigate to the Page &quot;https://www.kraken.com/prices&quot;" classname="| Chrome | https://www.kraken.com/prices | 200 |" time="0"/>
  <testcase name="Then Verify response code &quot;200&quot; of the Page &quot;https://www.kraken.com/prices&quot;" classname="| Chrome | https://www.kraken.com/prices | 200 |" time="0"/>
  <testcase name="| Chrome | https://www.kraken.com/prices | 200 |" classname="| Chrome | https://www.kraken.com/prices | 200 |" time="0"/>
  <testcase name="Given Setup browser &quot;Chrome&quot;" classname="| Chrome | https://www.kraken.com/doesntexist | 404 |" time="0"/>
  <testcase name="When Navigate to the Page &quot;https://www.kraken.com/doesntexist&quot;" classname="| Chrome | https://www.kraken.com/doesntexist | 404 |" time="0"/>
  <testcase name="Then Verify response code &quot;404&quot; of the Page &quot;https://www.kraken.com/doesntexist&quot;" classname="| Chrome | https://www.kraken.com/doesntexist | 404 |" time="0"/>
  <testcase name="| Chrome | https://www.kraken.com/doesntexist | 404 |" classname="| Chrome | https://www.kraken.com/doesntexist | 404 |" time="0"/>
  <testcase name="Given Setup browser &quot;Chrome&quot;" classname="| Chrome | https://www.kraken.com/en-us/features/security/pgp | 200 |" time="0.001"/>
  <testcase name="When Navigate to the Page &quot;https://www.kraken.com/en-us/features/security/pgp&quot;" classname="| Chrome | https://www.kraken.com/en-us/features/security/pgp | 200 |" time="0"/>
  <testcase name="Then Verify response code &quot;200&quot; of the Page &quot;https://www.kraken.com/en-us/features/security/pgp&quot;" classname="| Chrome | https://www.kraken.com/en-us/features/security/pgp | 200 |" time="0"/>
  <testcase name="| Chrome | https://www.kraken.com/en-us/features/security/pgp | 200 |" classname="| Chrome | https://www.kraken.com/en-us/features/security/pgp | 200 |" time="0.001"/>
</testsuite>